<?xml version="1.0" encoding="UTF-8"?>
<!-- Generated by org.testng.reporters.JUnitReportReporter -->
<testsuite hostname="CYborG" failures="0" tests="1" name="Cucumber.TestRunner" time="10.723" errors="0" timestamp="2024-12-12T16:32:15 IST" skipped="0">
  <testcase classname="Cucumber.TestRunner" name="runScenario" time="10.723"/>
</testsuite> <!-- Cucumber.TestRunner -->
