<?xml version="1.0" encoding="UTF-8"?>
<!-- Generated by org.testng.reporters.JUnitReportReporter -->
<testsuite hostname="CYborG" failures="0" tests="3" name="framework.A_login2" time="25.092" errors="0" timestamp="2024-12-09T16:03:12 IST" skipped="0">
  <testcase classname="framework.A_login2" name="AddToCart" time="7.961"/>
  <testcase classname="framework.A_login2" name="Orders" time="6.309"/>
  <testcase classname="framework.A_login2" name="AddToCart" time="10.822"/>
</testsuite> <!-- framework.A_login2 -->
