<?xml version="1.0" encoding="UTF-8"?>
<!-- Generated by org.testng.reporters.JUnitReportReporter -->
<testsuite hostname="CYborG" failures="0" tests="1" name="Cucumber.TestRunner" time="14.047" errors="0" timestamp="2024-12-12T16:49:32 IST" skipped="0">
  <testcase classname="Cucumber.TestRunner" name="runScenario" time="14.047"/>
</testsuite> <!-- Cucumber.TestRunner -->
