<?xml version="1.0" encoding="UTF-8"?>
<!-- Generated by org.testng.reporters.JUnitReportReporter -->
<testsuite hostname="CYborG" failures="0" tests="1" name="framework.A_login" time="11.744" errors="0" timestamp="2024-11-27T16:58:27 IST" skipped="0">
  <testcase classname="framework.A_login" name="cartTest" time="11.744"/>
</testsuite> <!-- framework.A_login -->
