<?xml version="1.0" encoding="UTF-8"?>
<!-- Generated by org.testng.reporters.JUnitReportReporter -->
<testsuite hostname="CYborG" failures="0" tests="3" name="framework.A_login2" time="22.602" errors="0" timestamp="2024-11-27T16:58:27 IST" skipped="0">
  <testcase classname="framework.A_login2" name="AddToCart" time="8.954"/>
  <testcase classname="framework.A_login2" name="AddToCart" time="10.191"/>
  <testcase classname="framework.A_login2" name="Orders" time="3.457"/>
</testsuite> <!-- framework.A_login2 -->
